2025-04-11T19:53:22.512-03:00  INFO 24369 --- [High-Performance] [main] c.h.HighPerformanceApplication           : Starting HighPerformanceApplication using Java 17.0.12 with PID 24369 (/home/davi/Documentos/development/JAVA/HighPerformance/APIs/High-Performance/target/classes started by davi in /home/davi/Documentos/development/JAVA/HighPerformance/APIs/High-Performance)
2025-04-11T19:53:22.517-03:00  INFO 24369 --- [High-Performance] [main] c.h.HighPerformanceApplication           : No active profile set, falling back to 1 default profile: "default"
2025-04-11T19:53:24.468-03:00  INFO 24369 --- [High-Performance] [main] .s.d.r.c.RepositoryConfigurationDelegate : Bootstrapping Spring Data JPA repositories in DEFAULT mode.
2025-04-11T19:53:24.717-03:00  INFO 24369 --- [High-Performance] [main] .s.d.r.c.RepositoryConfigurationDelegate : Finished Spring Data repository scanning in 229 ms. Found 1 JPA repository interface.
2025-04-11T19:53:26.201-03:00  INFO 24369 --- [High-Performance] [main] o.s.b.w.embedded.tomcat.TomcatWebServer  : Tomcat initialized with port 8080 (http)
2025-04-11T19:53:26.223-03:00  INFO 24369 --- [High-Performance] [main] o.apache.catalina.core.StandardService   : Starting service [Tomcat]
2025-04-11T19:53:26.224-03:00  INFO 24369 --- [High-Performance] [main] o.apache.catalina.core.StandardEngine    : Starting Servlet engine: [Apache Tomcat/10.1.39]
2025-04-11T19:53:26.313-03:00  INFO 24369 --- [High-Performance] [main] o.a.c.c.C.[Tomcat].[localhost].[/]       : Initializing Spring embedded WebApplicationContext
2025-04-11T19:53:26.314-03:00  INFO 24369 --- [High-Performance] [main] w.s.c.ServletWebServerApplicationContext : Root WebApplicationContext: initialization completed in 3601 ms
2025-04-11T19:53:27.000-03:00  INFO 24369 --- [High-Performance] [main] o.hibernate.jpa.internal.util.LogHelper  : HHH000204: Processing PersistenceUnitInfo [name: default]
2025-04-11T19:53:27.052-03:00  INFO 24369 --- [High-Performance] [main] org.hibernate.Version                    : HHH000412: Hibernate ORM core version 6.6.11.Final
2025-04-11T19:53:27.092-03:00  INFO 24369 --- [High-Performance] [main] o.h.c.internal.RegionFactoryInitiator    : HHH000026: Second-level cache disabled
2025-04-11T19:53:27.429-03:00  INFO 24369 --- [High-Performance] [main] o.s.o.j.p.SpringPersistenceUnitInfo      : No LoadTimeWeaver setup: ignoring JPA class transformer
2025-04-11T19:53:27.465-03:00  INFO 24369 --- [High-Performance] [main] com.zaxxer.hikari.HikariDataSource       : HikariPool-1 - Starting...
2025-04-11T19:53:27.725-03:00  INFO 24369 --- [High-Performance] [main] com.zaxxer.hikari.pool.HikariPool        : HikariPool-1 - Added connection conn0: url=jdbc:h2:mem:performance_db user=SA
2025-04-11T19:53:27.727-03:00  INFO 24369 --- [High-Performance] [main] com.zaxxer.hikari.HikariDataSource       : HikariPool-1 - Start completed.
2025-04-11T19:53:27.758-03:00  WARN 24369 --- [High-Performance] [main] org.hibernate.orm.deprecation            : HHH90000025: H2Dialect does not need to be specified explicitly using 'hibernate.dialect' (remove the property setting and it will be selected by default)
2025-04-11T19:53:27.793-03:00  INFO 24369 --- [High-Performance] [main] org.hibernate.orm.connections.pooling    : HHH10001005: Database info:
	Database JDBC URL [Connecting through datasource 'HikariDataSource (HikariPool-1)']
	Database driver: undefined/unknown
	Database version: 2.3.232
	Autocommit mode: undefined/unknown
	Isolation level: undefined/unknown
	Minimum pool size: undefined/unknown
	Maximum pool size: undefined/unknown
2025-04-11T19:53:28.816-03:00  INFO 24369 --- [High-Performance] [main] o.h.e.t.j.p.i.JtaPlatformInitiator       : HHH000489: No JTA platform available (set 'hibernate.transaction.jta.platform' to enable JTA platform integration)
2025-04-11T19:53:28.896-03:00  INFO 24369 --- [High-Performance] [main] j.LocalContainerEntityManagerFactoryBean : Initialized JPA EntityManagerFactory for persistence unit 'default'
2025-04-11T19:53:29.962-03:00  INFO 24369 --- [High-Performance] [main] o.s.d.j.r.query.QueryEnhancerFactory     : Hibernate is in classpath; If applicable, HQL parser will be used.
2025-04-11T19:53:32.180-03:00  WARN 24369 --- [High-Performance] [main] JpaBaseConfiguration$JpaWebConfiguration : spring.jpa.open-in-view is enabled by default. Therefore, database queries may be performed during view rendering. Explicitly configure spring.jpa.open-in-view to disable this warning
2025-04-11T19:53:33.328-03:00  INFO 24369 --- [High-Performance] [main] o.s.b.a.h2.H2ConsoleAutoConfiguration    : H2 console available at '/h2-console'. Database available at 'jdbc:h2:mem:performance_db'
2025-04-11T19:53:33.437-03:00  INFO 24369 --- [High-Performance] [main] o.s.b.a.e.web.EndpointLinksResolver      : Exposing 1 endpoint beneath base path '/actuator'
2025-04-11T19:53:33.686-03:00  INFO 24369 --- [High-Performance] [main] o.s.b.w.embedded.tomcat.TomcatWebServer  : Tomcat started on port 8080 (http) with context path '/'
2025-04-11T19:53:33.728-03:00  INFO 24369 --- [High-Performance] [main] c.h.HighPerformanceApplication           : Started HighPerformanceApplication in 12.346 seconds (process running for 13.137)
2025-04-11T19:54:04.545-03:00  INFO 24369 --- [High-Performance] [SpringApplicationShutdownHook] o.s.b.w.e.tomcat.GracefulShutdown        : Commencing graceful shutdown. Waiting for active requests to complete
2025-04-11T19:54:04.554-03:00  INFO 24369 --- [High-Performance] [tomcat-shutdown] o.s.b.w.e.tomcat.GracefulShutdown        : Graceful shutdown complete
2025-04-11T19:54:04.613-03:00  INFO 24369 --- [High-Performance] [SpringApplicationShutdownHook] j.LocalContainerEntityManagerFactoryBean : Closing JPA EntityManagerFactory for persistence unit 'default'
2025-04-11T19:54:04.618-03:00  INFO 24369 --- [High-Performance] [SpringApplicationShutdownHook] com.zaxxer.hikari.HikariDataSource       : HikariPool-1 - Shutdown initiated...
2025-04-11T19:54:04.624-03:00  INFO 24369 --- [High-Performance] [SpringApplicationShutdownHook] com.zaxxer.hikari.HikariDataSource       : HikariPool-1 - Shutdown completed.
